<?xml version="1.0" encoding="UTF-8"?>
<testsuite name="piano.SoundTest" tests="3" skipped="0" failures="0" errors="0" timestamp="2020-05-30T12:55:38" hostname="192-168-1-106.tpgi.com.au" time="0.311">
  <properties/>
  <testcase name="changeTest" classname="piano.SoundTest" time="0.0"/>
  <testcase name="getTest" classname="piano.SoundTest" time="0.001"/>
  <testcase name="init" classname="piano.SoundTest" time="0.31"/>
  <system-out><![CDATA[]]></system-out>
  <system-err><![CDATA[]]></system-err>
</testsuite>
