<?xml version="1.0" encoding="UTF-8"?>
<testsuite name="piano.ExecuteTest" tests="2" skipped="0" failures="0" errors="0" timestamp="2020-05-30T12:55:38" hostname="192-168-1-106.tpgi.com.au" time="0.001">
  <properties/>
  <testcase name="updateTest" classname="piano.ExecuteTest" time="0.001"/>
  <testcase name="resetTest" classname="piano.ExecuteTest" time="0.0"/>
  <system-out><![CDATA[]]></system-out>
  <system-err><![CDATA[]]></system-err>
</testsuite>
