<?xml version="1.0" encoding="UTF-8"?>
<testsuite name="piano.AppTest" tests="1" skipped="0" failures="0" errors="0" timestamp="2020-05-30T12:55:37" hostname="192-168-1-106.tpgi.com.au" time="1.085">
  <properties/>
  <testcase name="testApp" classname="piano.AppTest" time="1.085"/>
  <system-out><![CDATA[]]></system-out>
  <system-err><![CDATA[]]></system-err>
</testsuite>
